[debug] [2024-06-03T09:13:12.233Z] ----------------------------------------------------------------------
[debug] [2024-06-03T09:13:12.234Z] Command:       /usr/bin/node /usr/bin/firebase init hosting:github
[debug] [2024-06-03T09:13:12.234Z] CLI Version:   13.10.2
[debug] [2024-06-03T09:13:12.234Z] Platform:      linux
[debug] [2024-06-03T09:13:12.234Z] Node Version:  v18.20.2
[debug] [2024-06-03T09:13:12.234Z] Time:          Mon Jun 03 2024 16:13:12 GMT+0700 (Indochina Time)
[debug] [2024-06-03T09:13:12.235Z] ----------------------------------------------------------------------
[debug] 
[debug] [2024-06-03T09:13:12.270Z] > command requires scopes: ["email","openid","https://www.googleapis.com/auth/cloudplatformprojects.readonly","https://www.googleapis.com/auth/firebase","https://www.googleapis.com/auth/cloud-platform"]
[debug] [2024-06-03T09:13:12.271Z] > authorizing via signed-in user (dungltict@gmail.com)
[info] 
     ######## #### ########  ######## ########     ###     ######  ########
     ##        ##  ##     ## ##       ##     ##  ##   ##  ##       ##
     ######    ##  ########  ######   ########  #########  ######  ######
     ##        ##  ##    ##  ##       ##     ## ##     ##       ## ##
     ##       #### ##     ## ######## ########  ##     ##  ######  ########

You're about to initialize a Firebase project in this directory:

  /home/dungly/Documents/Projects/sketchup-user-management

Before we get started, keep in mind:

  * You are initializing within an existing Firebase project directory

[info] 
=== Project Setup
[info] 
[info] First, let's associate this project directory with a Firebase project.
[info] You can create multiple project aliases by running firebase use --add, 
[info] but for now we'll just set up a default project.
[info] 
[debug] [2024-06-03T09:13:12.273Z] Using project from CLI flag: kc-u-management
[debug] [2024-06-03T09:13:12.274Z] >>> [apiv2][query] GET https://firebase.googleapis.com/v1beta1/projects/kc-u-management [none]
[debug] [2024-06-03T09:13:12.667Z] <<< [apiv2][status] GET https://firebase.googleapis.com/v1beta1/projects/kc-u-management 200
[debug] [2024-06-03T09:13:12.668Z] <<< [apiv2][body] GET https://firebase.googleapis.com/v1beta1/projects/kc-u-management {"projectId":"kc-u-management","projectNumber":"497847297038","displayName":"kc-u-management","name":"projects/kc-u-management","resources":{"hostingSite":"kc-u-management"},"state":"ACTIVE","etag":"1_57d15c95-f4ec-4149-a842-6ac84d81a88a"}
[info] i  Using project kc-u-management (kc-u-management) 
[info] 
=== Hosting:github Setup
[info] 
[info] i  Detected a .git folder at /home/dungly/Documents/Projects/sketchup-user-management 
[info] i  Authorizing with GitHub to upload your service account to a GitHub repository's secrets store. 
[info] 
[info] Visit this URL on this device to log in:
[info] https://github.com/login/oauth/authorize?client_id=89cf50f02ac6aaed3484&state=608133532&redirect_uri=http%3A%2F%2Flocalhost%3A9005&scope=read%3Auser%20repo%20public_repo
[info] 
[info] Waiting for authentication...
[debug] [2024-06-03T09:13:57.147Z] >>> [apiv2][query] POST https://github.com/login/oauth/access_token [none]
[debug] [2024-06-03T09:13:57.148Z] >>> [apiv2][body] POST https://github.com/login/oauth/access_token [stream]
[debug] [2024-06-03T09:13:57.626Z] <<< [apiv2][status] POST https://github.com/login/oauth/access_token 200
[debug] [2024-06-03T09:13:57.627Z] <<< [apiv2][body] POST https://github.com/login/oauth/access_token {"access_token":"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","token_type":"bearer","scope":"read:user,repo"}
[debug] [2024-06-03T09:13:57.636Z] >>> [apiv2][query] GET https://api.github.com/user [none]
[debug] [2024-06-03T09:13:58.125Z] <<< [apiv2][status] GET https://api.github.com/user 200
[debug] [2024-06-03T09:13:58.125Z] <<< [apiv2][body] GET https://api.github.com/user {"login":"dunglt90vt","id":13025811,"node_id":"MDQ6VXNlcjEzMDI1ODEx","avatar_url":"https://avatars.githubusercontent.com/u/13025811?v=4","gravatar_id":"","url":"https://api.github.com/users/dunglt90vt","html_url":"https://github.com/dunglt90vt","followers_url":"https://api.github.com/users/dunglt90vt/followers","following_url":"https://api.github.com/users/dunglt90vt/following{/other_user}","gists_url":"https://api.github.com/users/dunglt90vt/gists{/gist_id}","starred_url":"https://api.github.com/users/dunglt90vt/starred{/owner}{/repo}","subscriptions_url":"https://api.github.com/users/dunglt90vt/subscriptions","organizations_url":"https://api.github.com/users/dunglt90vt/orgs","repos_url":"https://api.github.com/users/dunglt90vt/repos","events_url":"https://api.github.com/users/dunglt90vt/events{/privacy}","received_events_url":"https://api.github.com/users/dunglt90vt/received_events","type":"User","site_admin":false,"name":null,"company":null,"blog":"","location":null,"email":null,"hireable":null,"bio":null,"twitter_username":null,"public_repos":7,"public_gists":0,"followers":0,"following":0,"created_at":"2015-06-24T01:10:00Z","updated_at":"2024-04-09T12:07:31Z","private_gists":0,"total_private_repos":18,"owned_private_repos":18,"disk_usage":122930,"collaborators":3,"two_factor_authentication":false,"plan":{"name":"free","space":976562499,"collaborators":0,"private_repos":10000}}
[info] 
[info] ✔  Success! Logged into GitHub as dunglt90vt 
[info] 
